2025-09-22 14:44:23:4423 [31merror[39m: [31mUncaught Exception: listen EADDRINUSE: address already in use :::5000[39m
2025-09-22 18:00:20:020 [31merror[39m: [31mUncaught Exception: listen EADDRINUSE: address already in use :::5000[39m
2025-09-22 18:00:50:050 [31merror[39m: [31mUncaught Exception: listen EADDRINUSE: address already in use :::5000[39m
2025-09-22 22:38:45:3845 [31merror[39m: [31mUncaught Exception: listen EADDRINUSE: address already in use :::5000[39m
2025-09-22 23:11:55:1155 [31merror[39m: [31mUncaught Exception: listen EADDRINUSE: address already in use :::5000[39m
2025-09-22 23:12:18:1218 [31merror[39m: [31mUncaught Exception: listen EADDRINUSE: address already in use :::5000[39m
2025-09-22 23:12:31:1231 [31merror[39m: [31mUncaught Exception: listen EADDRINUSE: address already in use :::5000[39m
2025-09-22 23:52:12:5212 [31merror[39m: [31m[2025-09-22T18:22:12.151Z] TypeError: Cannot read properties of undefined (reading 'id')[39m
[31m    at protect (C:\Users\GANESH\Desktop\ganesh\server\src\middleware\auth.js:291:58)[39m
[31m    at process.processTicksAndRejections (node:internal/process/task_queues:105:5)[39m
2025-09-22 23:52:12:5212 [31merror[39m: [31m[2025-09-22T18:22:12.160Z] TypeError: Cannot read properties of undefined (reading 'id')[39m
[31m    at protect (C:\Users\GANESH\Desktop\ganesh\server\src\middleware\auth.js:291:58)[39m
[31m    at process.processTicksAndRejections (node:internal/process/task_queues:105:5)[39m
2025-09-22 23:54:04:544 [31merror[39m: [31m[2025-09-22T18:24:04.688Z] TypeError: Cannot read properties of undefined (reading 'id')[39m
[31m    at protect (C:\Users\GANESH\Desktop\ganesh\server\src\middleware\auth.js:291:58)[39m
[31m    at process.processTicksAndRejections (node:internal/process/task_queues:105:5)[39m
2025-09-22 23:54:04:544 [31merror[39m: [31m[2025-09-22T18:24:04.693Z] TypeError: Cannot read properties of undefined (reading 'id')[39m
[31m    at protect (C:\Users\GANESH\Desktop\ganesh\server\src\middleware\auth.js:291:58)[39m
[31m    at process.processTicksAndRejections (node:internal/process/task_queues:105:5)[39m
2025-09-22 23:55:11:5511 [31merror[39m: [31m[2025-09-22T18:25:11.523Z] TypeError: Cannot read properties of undefined (reading 'id')[39m
[31m    at protect (C:\Users\GANESH\Desktop\ganesh\server\src\middleware\auth.js:291:58)[39m
[31m    at process.processTicksAndRejections (node:internal/process/task_queues:105:5)[39m
2025-09-22 23:55:11:5511 [31merror[39m: [31m[2025-09-22T18:25:11.528Z] TypeError: Cannot read properties of undefined (reading 'id')[39m
[31m    at protect (C:\Users\GANESH\Desktop\ganesh\server\src\middleware\auth.js:291:58)[39m
[31m    at process.processTicksAndRejections (node:internal/process/task_queues:105:5)[39m
2025-09-23 00:19:09:199 [31merror[39m: [31mUncaught Exception: listen EADDRINUSE: address already in use :::5000[39m
2025-09-23 00:19:37:1937 [31merror[39m: [31mUncaught Exception: listen EADDRINUSE: address already in use :::5000[39m
2025-09-23 00:20:01:201 [31merror[39m: [31mUncaught Exception: listen EADDRINUSE: address already in use :::5000[39m
2025-09-23 00:23:19:2319 [31merror[39m: [31mUncaught Exception: listen EADDRINUSE: address already in use :::5000[39m
2025-09-23 00:23:50:2350 [31merror[39m: [31mUncaught Exception: listen EADDRINUSE: address already in use :::5000[39m
2025-09-23 10:54:59:5459 [31merror[39m: [31m[2025-09-23T05:24:59.120Z] TypeError: Cannot read properties of undefined (reading 'id')[39m
[31m    at protect (C:\Users\GANESH\Desktop\ganesh\server\src\middleware\auth.js:291:58)[39m
[31m    at process.processTicksAndRejections (node:internal/process/task_queues:105:5)[39m
2025-09-23 10:54:59:5459 [31merror[39m: [31m[2025-09-23T05:24:59.131Z] TypeError: Cannot read properties of undefined (reading 'id')[39m
[31m    at protect (C:\Users\GANESH\Desktop\ganesh\server\src\middleware\auth.js:291:58)[39m
[31m    at process.processTicksAndRejections (node:internal/process/task_queues:105:5)[39m
2025-09-23 10:59:07:597 [31merror[39m: [31m[2025-09-23T05:29:07.145Z] Error: The CORS policy for this site does not allow access from the specified Origin.[39m
[31m    at origin (C:\Users\GANESH\Desktop\ganesh\server\src\index.js:126:23)[39m
[31m    at C:\Users\GANESH\Desktop\ganesh\server\node_modules\cors\lib\index.js:219:13[39m
[31m    at optionsCallback (C:\Users\GANESH\Desktop\ganesh\server\node_modules\cors\lib\index.js:199:9)[39m
[31m    at corsMiddleware (C:\Users\GANESH\Desktop\ganesh\server\node_modules\cors\lib\index.js:204:7)[39m
[31m    at Layer.handle [as handle_request] (C:\Users\GANESH\Desktop\ganesh\server\node_modules\express\lib\router\layer.js:95:5)[39m
[31m    at trim_prefix (C:\Users\GANESH\Desktop\ganesh\server\node_modules\express\lib\router\index.js:328:13)[39m
[31m    at C:\Users\GANESH\Desktop\ganesh\server\node_modules\express\lib\router\index.js:286:9[39m
[31m    at Function.process_params (C:\Users\GANESH\Desktop\ganesh\server\node_modules\express\lib\router\index.js:346:12)[39m
[31m    at next (C:\Users\GANESH\Desktop\ganesh\server\node_modules\express\lib\router\index.js:280:10)[39m
[31m    at Layer.handle [as handle_request] (C:\Users\GANESH\Desktop\ganesh\server\node_modules\express\lib\router\layer.js:91:12)[39m
2025-09-23 11:09:47:947 [31merror[39m: [31m[2025-09-23T05:39:47.554Z] TypeError: Cannot read properties of undefined (reading 'id')[39m
[31m    at protect (C:\Users\GANESH\Desktop\ganesh\server\src\middleware\auth.js:291:58)[39m
[31m    at process.processTicksAndRejections (node:internal/process/task_queues:105:5)[39m
2025-09-23 11:09:47:947 [31merror[39m: [31m[2025-09-23T05:39:47.560Z] TypeError: Cannot read properties of undefined (reading 'id')[39m
[31m    at protect (C:\Users\GANESH\Desktop\ganesh\server\src\middleware\auth.js:291:58)[39m
[31m    at process.processTicksAndRejections (node:internal/process/task_queues:105:5)[39m
2025-09-23 11:17:20:1720 [31merror[39m: [31mAuth middleware error: Cannot read properties of undefined (reading 'refreshToken')[39m
2025-09-23 11:17:20:1720 [31merror[39m: [31mAuth middleware error: Cannot read properties of undefined (reading 'refreshToken')[39m
2025-09-23 11:20:13:2013 [31merror[39m: [31mAuth middleware error: Cannot read properties of undefined (reading 'refreshToken')[39m
2025-09-23 11:20:13:2013 [31merror[39m: [31mAuth middleware error: Cannot read properties of undefined (reading 'refreshToken')[39m
2025-09-23 11:20:16:2016 [31merror[39m: [31mAuth middleware error: Cannot read properties of undefined (reading 'refreshToken')[39m
2025-09-23 11:20:16:2016 [31merror[39m: [31mAuth middleware error: Cannot read properties of undefined (reading 'refreshToken')[39m
2025-09-23 11:21:16:2116 [31merror[39m: [31mAuth middleware error: Cannot read properties of undefined (reading 'refreshToken')[39m
2025-09-23 11:21:16:2116 [31merror[39m: [31mAuth middleware error: Cannot read properties of undefined (reading 'refreshToken')[39m
2025-09-23 14:54:57:5457 [31merror[39m: [31mAuth middleware error: Cannot read properties of undefined (reading 'refreshToken')[39m
2025-09-23 14:54:57:5457 [31merror[39m: [31mAuth middleware error: Cannot read properties of undefined (reading 'refreshToken')[39m
2025-09-23 14:54:57:5457 [31merror[39m: [31mAuth middleware error: Cannot read properties of undefined (reading 'refreshToken')[39m
2025-09-23 14:54:57:5457 [31merror[39m: [31mAuth middleware error: Cannot read properties of undefined (reading 'refreshToken')[39m
2025-09-23 14:55:02:552 [31merror[39m: [31mAuth middleware error: Cannot read properties of undefined (reading 'refreshToken')[39m
2025-09-23 14:55:02:552 [31merror[39m: [31mAuth middleware error: Cannot read properties of undefined (reading 'refreshToken')[39m
2025-09-23 14:55:04:554 [31merror[39m: [31mAuth middleware error: Cannot read properties of undefined (reading 'refreshToken')[39m
2025-09-23 14:55:04:554 [31merror[39m: [31mAuth middleware error: Cannot read properties of undefined (reading 'refreshToken')[39m
2025-09-23 14:55:05:555 [31merror[39m: [31mAuth middleware error: Cannot read properties of undefined (reading 'refreshToken')[39m
2025-09-23 14:55:05:555 [31merror[39m: [31mAuth middleware error: Cannot read properties of undefined (reading 'refreshToken')[39m
2025-09-23 14:55:05:555 [31merror[39m: [31mAuth middleware error: Cannot read properties of undefined (reading 'refreshToken')[39m
2025-09-23 14:55:05:555 [31merror[39m: [31mAuth middleware error: Cannot read properties of undefined (reading 'refreshToken')[39m
2025-09-23 14:55:10:5510 [31merror[39m: [31mAuth middleware error: Cannot read properties of undefined (reading 'refreshToken')[39m
2025-09-23 14:55:10:5510 [31merror[39m: [31mAuth middleware error: Cannot read properties of undefined (reading 'refreshToken')[39m
2025-09-23 14:55:12:5512 [31merror[39m: [31mAuth middleware error: Cannot read properties of undefined (reading 'refreshToken')[39m
2025-09-23 14:55:12:5512 [31merror[39m: [31mAuth middleware error: Cannot read properties of undefined (reading 'refreshToken')[39m
2025-09-23 14:55:12:5512 [31merror[39m: [31mAuth middleware error: Cannot read properties of undefined (reading 'refreshToken')[39m
2025-09-23 14:55:12:5512 [31merror[39m: [31mAuth middleware error: Cannot read properties of undefined (reading 'refreshToken')[39m
2025-09-23 14:55:47:5547 [31merror[39m: [31mAuth middleware error: Cannot read properties of undefined (reading 'refreshToken')[39m
2025-09-23 14:55:47:5547 [31merror[39m: [31mAuth middleware error: Cannot read properties of undefined (reading 'refreshToken')[39m
2025-09-23 14:55:47:5547 [31merror[39m: [31mAuth middleware error: Cannot read properties of undefined (reading 'refreshToken')[39m
2025-09-23 14:55:47:5547 [31merror[39m: [31mAuth middleware error: Cannot read properties of undefined (reading 'refreshToken')[39m
2025-09-23 14:55:49:5549 [31merror[39m: [31mAuth middleware error: Cannot read properties of undefined (reading 'refreshToken')[39m
2025-09-23 14:55:49:5549 [31merror[39m: [31mAuth middleware error: Cannot read properties of undefined (reading 'refreshToken')[39m
2025-09-23 14:56:55:5655 [31merror[39m: [31mAuth middleware error: Cannot read properties of undefined (reading 'refreshToken')[39m
2025-09-23 14:56:55:5655 [31merror[39m: [31mAuth middleware error: Cannot read properties of undefined (reading 'refreshToken')[39m
2025-09-23 15:00:56:056 [31merror[39m: [31mAuth middleware error: Cannot read properties of undefined (reading 'jwt')[39m
2025-09-23 15:01:22:122 [31merror[39m: [31mAuth middleware error: Cannot read properties of undefined (reading 'jwt')[39m
2025-09-23 15:01:56:156 [31merror[39m: [31mAuth middleware error: Cannot read properties of undefined (reading 'jwt')[39m
2025-09-23 15:02:34:234 [31merror[39m: [31mAuth middleware error: Cannot read properties of undefined (reading 'jwt')[39m
2025-09-23 15:03:23:323 [31merror[39m: [31mAuth middleware error: Cannot read properties of undefined (reading 'jwt')[39m
2025-09-23 15:12:14:1214 [31merror[39m: [31mAuth middleware error: Cannot read properties of undefined (reading 'refreshToken')[39m
2025-09-23 15:12:14:1214 [31merror[39m: [31mAuth middleware error: Cannot read properties of undefined (reading 'refreshToken')[39m
2025-09-23 15:12:19:1219 [31merror[39m: [31mAuth middleware error: Cannot read properties of undefined (reading 'refreshToken')[39m
2025-09-23 15:12:19:1219 [31merror[39m: [31mAuth middleware error: Cannot read properties of undefined (reading 'refreshToken')[39m
2025-09-23 15:12:20:1220 [31merror[39m: [31mAuth middleware error: Cannot read properties of undefined (reading 'refreshToken')[39m
2025-09-23 15:12:20:1220 [31merror[39m: [31mAuth middleware error: Cannot read properties of undefined (reading 'refreshToken')[39m
2025-09-23 15:12:21:1221 [31merror[39m: [31mAuth middleware error: Cannot read properties of undefined (reading 'refreshToken')[39m
2025-09-23 15:12:21:1221 [31merror[39m: [31mAuth middleware error: Cannot read properties of undefined (reading 'refreshToken')[39m
2025-09-23 15:12:21:1221 [31merror[39m: [31mAuth middleware error: Cannot read properties of undefined (reading 'refreshToken')[39m
2025-09-23 15:12:21:1221 [31merror[39m: [31mAuth middleware error: Cannot read properties of undefined (reading 'refreshToken')[39m
2025-09-23 15:12:25:1225 [31merror[39m: [31mAuth middleware error: Cannot read properties of undefined (reading 'refreshToken')[39m
2025-09-23 15:12:25:1225 [31merror[39m: [31mAuth middleware error: Cannot read properties of undefined (reading 'refreshToken')[39m
2025-09-23 15:16:05:165 [31merror[39m: [31mUncaught Exception: listen EADDRINUSE: address already in use :::5000[39m
2025-09-23 15:18:47:1847 [31merror[39m: [31mAuth middleware error: Cannot read properties of undefined (reading 'jwt')[39m
2025-09-23 16:07:08:78 [31merror[39m: [31mAuth middleware error: Cannot read properties of undefined (reading 'refreshToken')[39m
2025-09-23 16:07:24:724 [31merror[39m: [31mAuth middleware error: Cannot read properties of undefined (reading 'refreshToken')[39m
2025-09-23 16:07:58:758 [31merror[39m: [31mAuth middleware error: Cannot read properties of undefined (reading 'refreshToken')[39m
2025-09-23 16:08:33:833 [31merror[39m: [31mUncaught Exception: listen EADDRINUSE: address already in use :::5000[39m
2025-09-23 16:09:48:948 [31merror[39m: [31mAuth middleware error: Cannot read properties of undefined (reading 'refreshToken')[39m
2025-09-23 16:12:47:1247 [31merror[39m: [31mAuth middleware error: Cannot read properties of undefined (reading 'jwt')[39m
2025-09-23 16:26:40:2640 [31merror[39m: [31mAuth middleware error: Cannot read properties of undefined (reading 'refreshToken')[39m
2025-09-23 16:27:26:2726 [31merror[39m: [31mAuth middleware error: Cannot read properties of undefined (reading 'refreshToken')[39m
2025-09-23 16:27:50:2750 [31merror[39m: [31mAuth middleware error: Cannot read properties of undefined (reading 'jwt')[39m
2025-09-23 16:30:18:3018 [31merror[39m: [31mAuth middleware error: Cannot read properties of undefined (reading 'refreshToken')[39m
2025-09-23 16:35:20:3520 [31merror[39m: [31mUncaught Exception: listen EADDRINUSE: address already in use :::5000[39m
2025-09-23 16:39:33:3933 [31merror[39m: [31mAuth middleware error: Cannot read properties of undefined (reading 'refreshToken')[39m
2025-09-23 16:39:52:3952 [31merror[39m: [31mAuth middleware error: Cannot read properties of undefined (reading 'refreshToken')[39m
2025-09-23 16:41:52:4152 [31merror[39m: [31mAuth middleware error: Cannot read properties of undefined (reading 'refreshToken')[39m
2025-09-23 16:42:18:4218 [31merror[39m: [31mUncaught Exception: listen EADDRINUSE: address already in use :::5000[39m
2025-09-23 16:43:33:4333 [31merror[39m: [31mAuth middleware error: Cannot read properties of undefined (reading 'refreshToken')[39m
2025-09-23 16:43:47:4347 [31merror[39m: [31mAuth middleware error: Cannot read properties of undefined (reading 'refreshToken')[39m
2025-09-23 16:45:18:4518 [31merror[39m: [31mUncaught Exception: listen EADDRINUSE: address already in use :::5000[39m
2025-09-23 16:45:52:4552 [31merror[39m: [31mAuth middleware error: Cannot read properties of undefined (reading 'refreshToken')[39m
2025-09-23 16:46:49:4649 [31merror[39m: [31mUncaught Exception: listen EADDRINUSE: address already in use :::5000[39m
2025-09-23 17:23:08:238 [31merror[39m: [31mUncaught Exception: listen EADDRINUSE: address already in use :::5000[39m
2025-09-23 17:47:56:4756 [31merror[39m: [31mAuth middleware error: Cannot read properties of undefined (reading 'refreshToken')[39m
2025-09-23 17:47:56:4756 [31merror[39m: [31mAuth middleware error: Cannot read properties of undefined (reading 'refreshToken')[39m
2025-09-23 17:48:12:4812 [31merror[39m: [31mAuth middleware error: Cannot read properties of undefined (reading 'refreshToken')[39m
2025-09-23 17:48:12:4812 [31merror[39m: [31mAuth middleware error: Cannot read properties of undefined (reading 'refreshToken')[39m
2025-09-23 17:53:17:5317 [31merror[39m: [31mAuth middleware error: Cannot read properties of undefined (reading 'refreshToken')[39m
2025-09-23 17:53:45:5345 [31merror[39m: [31mAuth middleware error: Cannot read properties of undefined (reading 'refreshToken')[39m
2025-09-23 17:59:00:590 [31merror[39m: [31mUncaught Exception: listen EADDRINUSE: address already in use :::5000[39m
2025-09-23 18:09:32:932 [31merror[39m: [31mUncaught Exception: listen EADDRINUSE: address already in use :::5000[39m
2025-09-23 23:46:20:4620 [31merror[39m: [31mMongoDB connection error: connect ECONNREFUSED ::1:27017, connect ECONNREFUSED 127.0.0.1:27017[39m
2025-09-24 08:40:57:4057 [31merror[39m: [31mMongoDB connection error: connect ECONNREFUSED ::1:27017, connect ECONNREFUSED 127.0.0.1:27017[39m
2025-09-24 09:17:15:1715 [31merror[39m: [31m❌ MongoDB Atlas connection failed: Connection pool for ac-objllth-shard-00-02.uepik1b.mongodb.net:27017 was cleared because another operation failed with: "D40B0000:error:0A000438:SSL routines:ssl3_read_bytes:tlsv1 alert internal error:c:\ws\deps\openssl\openssl\ssl\record\rec_layer_s3.c:1605:SSL alert number 80[39m
[31m"[39m
2025-09-24 09:17:54:1754 [31merror[39m: [31m❌ MongoDB Atlas connection failed: 10370000:error:0A000438:SSL routines:ssl3_read_bytes:tlsv1 alert internal error:c:\ws\deps\openssl\openssl\ssl\record\rec_layer_s3.c:1605:SSL alert number 80[39m
[31m[39m
2025-09-24 09:18:25:1825 [31merror[39m: [31m❌ MongoDB Atlas connection failed: 4C170000:error:0A000438:SSL routines:ssl3_read_bytes:tlsv1 alert internal error:c:\ws\deps\openssl\openssl\ssl\record\rec_layer_s3.c:1605:SSL alert number 80[39m
[31m[39m
